<?xml version="1.0" encoding="UTF-8"?>
<!-- Generated by org.testng.reporters.JUnitReportReporter -->
<testsuite hostname="Gate6-70" name="sprint5.PlayRandomTalkTest" tests="6" failures="0" timestamp="15 Nov 2017 13:29:19 GMT" time="64.346" errors="0">
  <testcase name="PlaySingleTalkOnClickOnSongFromLibraryFromTheSelectedSpekerTalk" time="6.906" classname="sprint5.PlayRandomTalkTest"/>
  <testcase name="PlaySingleTalkOnClickOnSongFromLibraryFromTheSelectedTalk" time="9.377" classname="sprint5.PlayRandomTalkTest"/>
  <testcase name="doLogin" time="23.623" classname="sprint5.PlayRandomTalkTest"/>
  <testcase name="startPlayingSingleTalkLibraryFromTheSelectedSpeaker" time="7.440" classname="sprint5.PlayRandomTalkTest"/>
  <testcase name="startPlayingLibraryFromTheSelectedTalks" time="6.555" classname="sprint5.PlayRandomTalkTest"/>
  <testcase name="shufflePlayLibraryFromTheSelectedSpeaker" time="10.445" classname="sprint5.PlayRandomTalkTest"/>
</testsuite> <!-- sprint5.PlayRandomTalkTest -->
