<?xml version="1.0" encoding="UTF-8"?>
<!-- Generated by org.testng.reporters.JUnitReportReporter -->
<testsuite hostname="Gate6-70" name="sprint5.SearchTest" tests="7" failures="0" timestamp="15 Nov 2017 09:22:30 GMT" time="107.121" errors="0">
  <testcase name="SearchSpeaker" time="7.810" classname="sprint5.SearchTest"/>
  <testcase name="PartialKeywordSearchSpeaker" time="9.218" classname="sprint5.SearchTest"/>
  <testcase name="SearchTalk" time="10.483" classname="sprint5.SearchTest"/>
  <testcase name="doLogin" time="22.841" classname="sprint5.SearchTest"/>
  <testcase name="SearchSpeakerAndVerifyIt" time="38.732" classname="sprint5.SearchTest"/>
  <testcase name="PartialKeywordSearchTalk" time="6.870" classname="sprint5.SearchTest"/>
  <testcase name="SearchTalkAndVerifyIt" time="11.167" classname="sprint5.SearchTest"/>
</testsuite> <!-- sprint5.SearchTest -->
