<?xml version="1.0" encoding="UTF-8"?>
<!-- Generated by org.testng.reporters.JUnitReportReporter -->
<testsuite hostname="Gate6-70" name="PositivAndroid.PositivAndroid.AppTest" tests="2" failures="0" timestamp="13 Nov 2017 10:38:46 GMT" time="27.276" errors="0">
  <testcase name="CheckSettingPageFromLibrary" time="24.324" classname="PositivAndroid.PositivAndroid.AppTest"/>
  <testcase name="CheckSettingPageFromBrowse" time="2.952" classname="PositivAndroid.PositivAndroid.AppTest"/>
</testsuite> <!-- PositivAndroid.PositivAndroid.AppTest -->
