<?xml version="1.0" encoding="UTF-8"?>
<!-- Generated by org.testng.reporters.JUnitReportReporter -->
<testsuite hostname="Gate6-70" name="PositivAndroid.PositivAndroid.SettingTest" tests="10" failures="0" timestamp="13 Nov 2017 12:39:01 GMT" time="59.565" errors="0">
  <testcase name="toggle_off_Library" time="0.652" classname="PositivAndroid.PositivAndroid.SettingTest"/>
  <testcase name="CheckMembershipType" time="0.147" classname="PositivAndroid.PositivAndroid.SettingTest"/>
  <testcase name="CheckSettingPageFromBrowse" time="2.653" classname="PositivAndroid.PositivAndroid.SettingTest"/>
  <testcase name="toggle_on_Library" time="0.212" classname="PositivAndroid.PositivAndroid.SettingTest"/>
  <testcase name="Check_DownloadAndRemove_Talk" time="16.447" classname="PositivAndroid.PositivAndroid.SettingTest"/>
  <testcase name="CheckSettingPageFromLibrary" time="25.377" classname="PositivAndroid.PositivAndroid.SettingTest"/>
  <testcase name="toggle_on_Browse" time="4.695" classname="PositivAndroid.PositivAndroid.SettingTest"/>
  <testcase name="Privacy_Policy" time="4.112" classname="PositivAndroid.PositivAndroid.SettingTest"/>
  <testcase name="toggle_off_Browse" time="0.664" classname="PositivAndroid.PositivAndroid.SettingTest"/>
  <testcase name="Terms_Conditions" time="4.606" classname="PositivAndroid.PositivAndroid.SettingTest"/>
</testsuite> <!-- PositivAndroid.PositivAndroid.SettingTest -->
